
[INFO] 02:52:21:301 tp0/(3543:3543): Hola soy un Log
[INFO] 02:52:21:311 tp0/(3543:3543): valor
[INFO] 02:52:21:312 tp0/(3543:3543): 127.0.0.1
[INFO] 02:52:21:312 tp0/(3543:3543): 4444
[INFO] 03:07:49:500 tp0/(3665:3665): Hola soy un Log
[INFO] 03:07:49:513 tp0/(3665:3665): valor
[INFO] 03:07:49:514 tp0/(3665:3665): 127.0.0.1
[INFO] 03:07:49:514 tp0/(3665:3665): 4444
[INFO] 03:08:02:843 tp0/(3709:3709): Hola soy un Log
[INFO] 03:08:02:849 tp0/(3709:3709): valor
[INFO] 03:08:02:851 tp0/(3709:3709): 127.0.0.1
[INFO] 03:08:02:851 tp0/(3709:3709): 4444
[INFO] 03:09:03:934 tp0/(3763:3763): Hola soy un Log
[INFO] 03:09:03:934 tp0/(3763:3763): valor
[INFO] 03:09:03:935 tp0/(3763:3763): 127.0.0.1
[INFO] 03:09:03:936 tp0/(3763:3763): 4444
[INFO] 03:09:13:781 tp0/(3807:3807): Hola soy un Log
[INFO] 03:09:13:785 tp0/(3807:3807): valor
[INFO] 03:09:13:785 tp0/(3807:3807): 127.0.0.1
[INFO] 03:09:13:785 tp0/(3807:3807): 4444
[INFO] 03:09:44:136 tp0/(3876:3876): Hola soy un Log
[INFO] 03:09:44:141 tp0/(3876:3876): valor
[INFO] 03:09:44:147 tp0/(3876:3876): 127.0.0.1
[INFO] 03:09:44:147 tp0/(3876:3876): 4444
[INFO] 03:13:45:157 tp0/(3967:3967): Hola soy un Log
[INFO] 03:13:45:167 tp0/(3967:3967): valor
[INFO] 03:13:45:167 tp0/(3967:3967): 127.0.0.1
[INFO] 03:13:45:167 tp0/(3967:3967): 4444
[INFO] 03:13:58:025 tp0/(4011:4011): Hola soy un Log
[INFO] 03:13:58:030 tp0/(4011:4011): valor
[INFO] 03:13:58:030 tp0/(4011:4011): 127.0.0.1
[INFO] 03:13:58:030 tp0/(4011:4011): 4444
[INFO] 03:14:15:074 tp0/(4079:4079): Hola soy un Log
[ERROR] 03:14:15:077 tp0/(4079:4079): No se pudo crear el archivo config
[INFO] 03:15:51:692 tp0/(4127:4127): Hola soy un Log
[INFO] 03:15:51:698 tp0/(4127:4127): valor
[INFO] 03:15:51:701 tp0/(4127:4127): 127.0.0.1
[INFO] 03:15:51:701 tp0/(4127:4127): 4444
[INFO] 03:16:57:459 tp0/(4218:4218): Hola soy un Log
[INFO] 03:16:57:464 tp0/(4218:4218): valor
[INFO] 03:16:57:468 tp0/(4218:4218): 127.0.0.1
[INFO] 03:16:57:468 tp0/(4218:4218): 4444
[INFO] 03:16:59:356 tp0/(4218:4218): hola
[INFO] 03:17:01:518 tp0/(4218:4218): como
[INFO] 03:17:02:638 tp0/(4218:4218): estas?
[INFO] 03:17:03:803 tp0/(4218:4218): 
[INFO] 03:17:30:257 tp0/(4279:4279): Hola soy un Log
[INFO] 03:17:30:263 tp0/(4279:4279): valor
[INFO] 03:17:30:263 tp0/(4279:4279): 127.0.0.1
[INFO] 03:17:30:264 tp0/(4279:4279): 4444
[INFO] 03:17:31:887 tp0/(4279:4279): hola
[INFO] 03:17:33:369 tp0/(4279:4279): como estas?
[INFO] 03:17:33:859 tp0/(4279:4279): 
[INFO] 03:17:45:412 tp0/(4335:4335): Hola soy un Log
[INFO] 03:17:45:416 tp0/(4335:4335): valor
[INFO] 03:17:45:421 tp0/(4335:4335): 127.0.0.1
[INFO] 03:17:45:421 tp0/(4335:4335): 4444
[INFO] 03:17:47:434 tp0/(4335:4335): hola
[INFO] 03:17:49:287 tp0/(4335:4335): como estas?
[INFO] 03:17:49:708 tp0/(4335:4335): 
[INFO] 03:18:52:480 tp0/(4431:4431): Hola soy un Log
[INFO] 03:18:52:482 tp0/(4431:4431): valor
[INFO] 03:18:52:482 tp0/(4431:4431): 127.0.0.1
[INFO] 03:18:52:483 tp0/(4431:4431): 4444
[INFO] 03:18:54:043 tp0/(4431:4431): hola
[INFO] 03:18:55:353 tp0/(4431:4431): chau
[INFO] 03:19:17:845 tp0/(4490:4490): Hola soy un Log
[INFO] 03:19:17:846 tp0/(4490:4490): valor
[INFO] 03:19:17:846 tp0/(4490:4490): 127.0.0.1
[INFO] 03:19:17:846 tp0/(4490:4490): 4444
[INFO] 03:19:19:674 tp0/(4490:4490): hola
[INFO] 03:19:20:438 tp0/(4490:4490): chau
[INFO] 20:01:40:362 tp0/(103176:103176): Hola soy un Log
[ERROR] 20:01:40:364 tp0/(103176:103176): No se pudo crear el archivo config
[INFO] 20:02:07:478 tp0/(103222:103222): Hola soy un Log
[INFO] 20:02:07:479 tp0/(103222:103222): valor
[INFO] 20:02:07:480 tp0/(103222:103222): 127.0.0.1
[INFO] 20:02:07:480 tp0/(103222:103222): 4444
